2025-04-04 17:37:19 0 [Note] Starting MariaDB 10.4.28-MariaDB source revision c8f2e9a5c0ac5905f28b050b7df5a9ffd914b7e7 as process 12540
2025-04-04 17:37:19 0 [Note] InnoDB: Mutexes and rw_locks use Windows interlocked functions
2025-04-04 17:37:19 0 [Note] InnoDB: Uses event mutexes
2025-04-04 17:37:19 0 [Note] InnoDB: Compressed tables use zlib 1.2.12
2025-04-04 17:37:19 0 [Note] InnoDB: Number of pools: 1
2025-04-04 17:37:19 0 [Note] InnoDB: Using SSE2 crc32 instructions
2025-04-04 17:37:19 0 [Note] InnoDB: Initializing buffer pool, total size = 16M, instances = 1, chunk size = 16M
2025-04-04 17:37:19 0 [Note] InnoDB: Completed initialization of buffer pool
2025-04-04 17:37:19 0 [Note] InnoDB: Starting crash recovery from checkpoint LSN=301362
2025-04-04 17:37:20 0 [Note] InnoDB: 128 out of 128 rollback segments are active.
2025-04-04 17:37:20 0 [Note] InnoDB: Removed temporary tablespace data file: "ibtmp1"
2025-04-04 17:37:20 0 [Note] InnoDB: Creating shared tablespace for temporary tables
2025-04-04 17:37:20 0 [Note] InnoDB: Setting file 'D:\SZAKDOGA\Sql\mysql\data\ibtmp1' size to 12 MB. Physically writing the file full; Please wait ...
2025-04-04 17:37:20 0 [Note] InnoDB: File 'D:\SZAKDOGA\Sql\mysql\data\ibtmp1' size is now 12 MB.
2025-04-04 17:37:20 0 [Note] InnoDB: Waiting for purge to start
2025-04-04 17:37:20 0 [Note] InnoDB: 10.4.28 started; log sequence number 301371; transaction id 186
2025-04-04 17:37:20 0 [Note] InnoDB: Loading buffer pool(s) from D:\SZAKDOGA\Sql\mysql\data\ib_buffer_pool
2025-04-04 17:37:20 0 [Note] Plugin 'FEEDBACK' is disabled.
2025-04-04 17:37:20 0 [Note] InnoDB: Buffer pool(s) load completed at 250404 17:37:20
2025-04-04 17:37:20 0 [Note] Server socket created on IP: '::'.
